<?xml version="1.0" encoding="UTF-8"?>
<!-- Generated by org.testng.reporters.JUnitReportReporter -->
<testsuite hostname="DESKTOP-70NR976" failures="0" tests="1" name="Test.Passworderrortest" time="6.338" errors="0" timestamp="2023-01-25T15:37:14 IST" skipped="0">
  <testcase classname="Test.Passworderrortest" name="testforgetpasswrd" time="6.338"/>
  <system-out/>
</testsuite> <!-- Test.Passworderrortest -->
