<?xml version="1.0" encoding="UTF-8"?>
<!-- Generated by org.testng.reporters.JUnitReportReporter -->
<testsuite hostname="DESKTOP-70NR976" failures="0" tests="1" name="TestNg.Datepicker" time="12.515" errors="0" timestamp="2023-01-23T16:08:32 IST" skipped="0">
  <testcase classname="TestNg.Datepicker" name="testlogin" time="12.515"/>
  <system-out/>
</testsuite> <!-- TestNg.Datepicker -->
