<?xml version="1.0" encoding="UTF-8"?>
<!-- Generated by org.testng.reporters.JUnitReportReporter -->
<testsuite hostname="DESKTOP-70NR976" failures="0" tests="1" name="TestNg.Windowhandlegurupage" time="8.255" errors="0" timestamp="2023-01-31T12:01:51 IST" skipped="0">
  <testcase classname="TestNg.Windowhandlegurupage" name="f" time="8.255"/>
  <system-out/>
</testsuite> <!-- TestNg.Windowhandlegurupage -->
