<?xml version="1.0" encoding="UTF-8"?>
<!-- Generated by org.testng.reporters.JUnitReportReporter -->
<testsuite hostname="DESKTOP-70NR976" failures="0" tests="2" name="TestNg.Testnggrouping" time="0.012" errors="0" timestamp="2023-01-29T18:23:20 IST" skipped="0">
  <testcase classname="TestNg.Testnggrouping" name="test5" time="0.011"/>
  <system-out/>
  <testcase classname="TestNg.Testnggrouping" name="titleverification" time="0.001"/>
  <system-out/>
</testsuite> <!-- TestNg.Testnggrouping -->
