<?xml version="1.0" encoding="UTF-8"?>
<!-- Generated by org.testng.reporters.JUnitReportReporter -->
<testsuite hostname="DESKTOP-70NR976" failures="0" tests="1" name="TestNg.Datadriven" time="14.244" errors="0" timestamp="2023-01-19T15:00:14 IST" skipped="0">
  <testcase classname="TestNg.Datadriven" name="test1" time="14.244"/>
  <system-out/>
</testsuite> <!-- TestNg.Datadriven -->
