<?xml version="1.0" encoding="UTF-8"?>
<!-- Generated by org.testng.reporters.JUnitReportReporter -->
<testsuite hostname="DESKTOP-70NR976" failures="0" tests="1" name="TestNg.Buttontext" time="3.555" errors="0" timestamp="2023-01-29T21:03:10 IST" skipped="0">
  <testcase classname="TestNg.Buttontext" name="test1" time="3.555"/>
  <system-out/>
</testsuite> <!-- TestNg.Buttontext -->
