<?xml version="1.0" encoding="UTF-8"?>
<!-- Generated by org.testng.reporters.JUnitReportReporter -->
<testsuite hostname="DESKTOP-70NR976" failures="0" tests="1" name="Test.Fblogintest" time="2.279" errors="0" timestamp="2023-01-25T14:29:26 IST" skipped="0">
  <testcase classname="Test.Fblogintest" name="testlogin" time="2.279"/>
  <system-out/>
</testsuite> <!-- Test.Fblogintest -->
