<?xml version="1.0" encoding="UTF-8"?>
<!-- Generated by org.testng.reporters.JUnitReportReporter -->
<testsuite hostname="DESKTOP-70NR976" failures="0" tests="1" name="TestNg.Fileupload" time="5.069" errors="0" timestamp="2023-01-23T14:15:45 IST" skipped="0">
  <testcase classname="TestNg.Fileupload" name="main" time="5.069"/>
  <system-out/>
</testsuite> <!-- TestNg.Fileupload -->
