<?xml version="1.0" encoding="UTF-8"?>
<!-- Generated by org.testng.reporters.JUnitReportReporter -->
<testsuite hostname="DESKTOP-70NR976" failures="0" tests="5" name="TestNg.Testngdemo" time="0.019" errors="0" timestamp="2023-01-29T14:33:35 IST" skipped="0">
  <testcase classname="TestNg.Testngdemo" name="test1" time="0.005"/>
  <system-out/>
  <testcase classname="TestNg.Testngdemo" name="test1" time="0.004"/>
  <system-out/>
  <testcase classname="TestNg.Testngdemo" name="test1" time="0.006"/>
  <system-out/>
  <testcase classname="TestNg.Testngdemo" name="test3" time="0.001"/>
  <system-out/>
  <testcase classname="TestNg.Testngdemo" name="test2" time="0.003"/>
  <system-out/>
</testsuite> <!-- TestNg.Testngdemo -->
