<?xml version="1.0" encoding="UTF-8"?>
<!-- Generated by org.testng.reporters.JUnitReportReporter -->
<testsuite hostname="DESKTOP-70NR976" failures="0" tests="1" name="TestNg.Doubleandrightclick" time="4.364" errors="0" timestamp="2023-01-31T09:44:00 IST" skipped="0">
  <testcase classname="TestNg.Doubleandrightclick" name="test1" time="4.364"/>
  <system-out/>
</testsuite> <!-- TestNg.Doubleandrightclick -->
