<?xml version="1.0" encoding="UTF-8"?>
<!-- Generated by org.testng.reporters.JUnitReportReporter -->
<testsuite hostname="DESKTOP-70NR976" failures="0" tests="1" name="Selenium.Fileuploadconvertpdf" time="6.004" errors="0" timestamp="2023-01-29T13:42:49 IST" skipped="0">
  <testcase classname="Selenium.Fileuploadconvertpdf" name="test2" time="6.004"/>
  <system-out/>
</testsuite> <!-- Selenium.Fileuploadconvertpdf -->
